C51 COMPILER V9.00   EE24C166                                                              07/06/2024 16:49:32 PAGE 1   


C51 COMPILER V9.00, COMPILATION OF MODULE EE24C166
OBJECT MODULE PLACED IN .\Objects\ee24c166.obj
COMPILER INVOKED BY: D:\Keil\C51\BIN\C51.EXE usr\ee24c166.c LARGE BROWSE INCDIR(.\usr) DEBUG OBJECTEXTEND PRINT(.\Listin
                    -gs\ee24c166.lst) OBJECT(.\Objects\ee24c166.obj)

line level    source

   1          #include <REG52.H>
   2          #include <stdio.h>
   3          #include <math.h>
   4          #include <stdlib.h>
   5          #include <intrins.h>
   6          #include <hd7279.h>
   7          #include <global.h>
   8          #include <ee24c16.h>
   9          #include <ds18b20.h>
  10          
  11          
  12          //初始化
  13          void init_24c16(void){
  14   1              sda=1; //串行数据/地址
  15   1              scl=1; //串行时钟
  16   1      }
  17          
  18          
  19          void I2C_start(void){
  20   1              //生成一个下降沿
  21   1              sda=1;
  22   1              delay_us(5);
  23   1              scl=1;
  24   1              delay_us(5);
  25   1              sda=0;
  26   1              delay_us(5);
  27   1      }
  28          
  29          void I2C_stop(void){
  30   1              //生成一个上升沿
  31   1              sda=0;
  32   1              delay_us(5);
  33   1              scl=1;
  34   1              delay_us(5);
  35   1              sda=1;
  36   1              delay_us(5);
  37   1      }
  38          
  39          void I2C_ack(void){
  40   1              //产生应答信号
  41   1              unsigned char i;
  42   1              scl=1;
  43   1              delay_us(5);
  44   1              while((sda==1)&&(i<200))i++;
  45   1              scl=0;
  46   1              delay_us(5);
  47   1      }
  48          
  49          void I2C_noack(){
  50   1              sda = 1;
  51   1              delay_us(5);
  52   1              scl = 1;
  53   1              delay_us(5);
  54   1              scl = 0;
C51 COMPILER V9.00   EE24C166                                                              07/06/2024 16:49:32 PAGE 2   

  55   1              delay_us(5);
  56   1      }
  57          void writebyte_I2C(unsigned char input){
  58   1              unsigned char i;
  59   1              scl = 0;
  60   1              for(i=0;i<8;i++){
  61   2                      if(input&0x80) sda = 1; //从高位开始传输数据
  62   2                      else sda = 0;
  63   2                      input = input<<1; //左移便于继续传输数据
  64   2                      delay_us(5);
  65   2                      scl = 1;
  66   2                      delay_us(5);
  67   2                      scl = 0;
  68   2                      delay_us(5);
  69   2              }
  70   1              sda = 1;
  71   1              delay_us(5);
  72   1      }
  73          
  74          unsigned char readbyte_I2C(void){
  75   1              unsigned char i,rbyte;
  76   1              scl = 0;
  77   1              delay_us(5);
  78   1              sda = 1;
  79   1              delay_us(5);
  80   1              for(i=0;i<8;i++){
  81   2                      scl = 1;
  82   2                      delay_us(5);
  83   2                      rbyte = rbyte<<1;
  84   2                      if(sda)rbyte++;
  85   2                      scl = 0;
  86   2                      delay_us(5);
  87   2              }
  88   1              return rbyte;
  89   1      }
  90          
  91          void writebyte_24c16(unsigned char dat,unsigned char addr){
  92   1              init_24c16();
  93   1              I2C_start();
  94   1              writebyte_I2C(WriteDeviceAddress);
  95   1              I2C_ack();
  96   1              writebyte_I2C(addr);
  97   1              I2C_ack();
  98   1              writebyte_I2C(dat);
  99   1              I2C_ack();
 100   1              I2C_stop();
 101   1      }
 102          
 103          unsigned char readbyte_24c16(unsigned char addr){
 104   1              unsigned char output;
 105   1              init_24c16();
 106   1              I2C_start();
 107   1              writebyte_I2C(WriteDeviceAddress);
 108   1              I2C_ack();
 109   1              writebyte_I2C(addr);
 110   1              I2C_ack();
 111   1              I2C_start();
 112   1              writebyte_I2C(ReadDeviceAddress);
 113   1              I2C_ack();
 114   1              output = readbyte_I2C();
 115   1              I2C_noack();
 116   1              I2C_stop();
C51 COMPILER V9.00   EE24C166                                                              07/06/2024 16:49:32 PAGE 3   

 117   1              return output;
 118   1      }
 119          
 120          void save_all_data(void){
 121   1              //只调用一次
 122   1              delay_us(150);
 123   1              writebyte_24c16(10,0);
 124   1              delay_us(150);
 125   1              writebyte_24c16(20,1);
 126   1              delay_us(150);
 127   1              writebyte_24c16(30,2);
 128   1              delay_us(150);
 129   1              writebyte_24c16(40,3);
 130   1              delay_us(150);
 131   1              writebyte_24c16(50,4);
 132   1              delay_us(150);
 133   1              writebyte_24c16(60,5);
 134   1              delay_us(150);
 135   1              writebyte_24c16(70,6);
 136   1              delay_us(150);
 137   1              writebyte_24c16(80,7);
 138   1              delay_us(150);
 139   1              writebyte_24c16(90,8);
 140   1              delay_us(150);
 141   1              writebyte_24c16(100,9);
 142   1              delay_us(150);
 143   1              writebyte_24c16(23,10);//t_down
 144   1              delay_us(150);
 145   1              writebyte_24c16(32,11);//t_up
 146   1              delay_us(150);
 147   1      }


MODULE INFORMATION:   STATIC OVERLAYABLE
   CODE SIZE        =    553    ----
   CONSTANT SIZE    =   ----    ----
   XDATA SIZE       =   ----       9
   PDATA SIZE       =   ----    ----
   DATA SIZE        =   ----    ----
   IDATA SIZE       =   ----    ----
   BIT SIZE         =   ----    ----
END OF MODULE INFORMATION.


C51 COMPILATION COMPLETE.  0 WARNING(S),  0 ERROR(S)
