C51 COMPILER V9.00   GLOBAL                                                                07/06/2024 16:49:32 PAGE 1   


C51 COMPILER V9.00, COMPILATION OF MODULE GLOBAL
OBJECT MODULE PLACED IN .\Objects\global.obj
COMPILER INVOKED BY: D:\Keil\C51\BIN\C51.EXE usr\global.c LARGE BROWSE INCDIR(.\usr) DEBUG OBJECTEXTEND PRINT(.\Listings
                    -\global.lst) OBJECT(.\Objects\global.obj)

line level    source

   1          #include <REG52.H>
   2          #include <stdio.h>
   3          #include <math.h>
   4          #include <intrins.h>
   5          #include <global.h>
   6           //延时子函数
   7          void long_delay(void){
   8   1        unsigned char d;
   9   1              for(d=0;d<0x30;d++);
  10   1      }
  11           
  12          void short_delay(void){
  13   1              unsigned char d;
  14   1              for(d=0;d<8;d++);
  15   1      }
  16           
  17          void delay(unsigned int z){
  18   1              //ms
  19   1              unsigned int x,y;
  20   1              for(x=z;x>0;x--) for(y=110;y>0;y--);
  21   1      }
  22           
  23          void delay_us(unsigned int z){
  24   1          //微秒级延时 延时z微秒
  25   1              unsigned int x;
  26   1              for(x = 0;x<z;x++){
  27   2                _nop_();
  28   2              }
  29   1      }
  30           
  31           


MODULE INFORMATION:   STATIC OVERLAYABLE
   CODE SIZE        =     65    ----
   CONSTANT SIZE    =   ----    ----
   XDATA SIZE       =   ----    ----
   PDATA SIZE       =   ----    ----
   DATA SIZE        =   ----    ----
   IDATA SIZE       =   ----    ----
   BIT SIZE         =   ----    ----
END OF MODULE INFORMATION.


C51 COMPILATION COMPLETE.  0 WARNING(S),  0 ERROR(S)
