C51 COMPILER V9.60.7.0   GLOBAL                                                            07/04/2024 14:32:45 PAGE 1   


C51 COMPILER V9.60.7.0, COMPILATION OF MODULE GLOBAL
OBJECT MODULE PLACED IN .\Objects\global.obj
COMPILER INVOKED BY: D:\Keil\Keil\C51\BIN\C51.EXE usr\global.c LARGE OPTIMIZE(8,SPEED) BROWSE INCDIR(.\usr) DEBUG OBJECT
                    -EXTEND PRINT(.\Listings\global.lst) TABS(2) OBJECT(.\Objects\global.obj)

line level    source

   1          #include <REG52.H>
   2          #include <stdio.h>
   3          #include <math.h>
   4          #include <intrins.h>
   5          #include <global.h>
   6          
   7          unsigned char temparray[10]={0xFC,0x44,0x79,0x5D,0xC5,0x9D,0xBD,0x54,0xFD,0xDD};
   8          unsigned char tempdparray[10]={0xfe,0x46,0x7b,0x5f,0xC7,0x9f,0xBf,0x56,0xFf,0xDf};
   9           
  10          void long_delay(void){
  11   1        unsigned char d;
  12   1        for(d=0;d<0x30;d++);
  13   1      }
  14           
  15          void short_delay(void){
  16   1        unsigned char d;
  17   1        for(d=0;d<8;d++);
  18   1      }
  19           
  20          void delay(unsigned int z){
  21   1        //ms
  22   1        unsigned int x,y;
  23   1        for(x=z;x>0;x--) for(y=110;y>0;y--);
  24   1      }
  25           
  26          void delay_us(unsigned int z){
  27   1          //Œ¢√Îº∂—” ± —” ±zŒ¢√Î
  28   1        unsigned int x;
  29   1        for(x = 0;x<z;x++){
  30   2          _nop_();
  31   2        }
  32   1      }
  33           
  34           


MODULE INFORMATION:   STATIC OVERLAYABLE
   CODE SIZE        =     65    ----
   CONSTANT SIZE    =   ----    ----
   XDATA SIZE       =     20    ----
   PDATA SIZE       =   ----    ----
   DATA SIZE        =   ----    ----
   IDATA SIZE       =   ----    ----
   BIT SIZE         =   ----    ----
END OF MODULE INFORMATION.


C51 COMPILATION COMPLETE.  0 WARNING(S),  0 ERROR(S)
