C51 COMPILER V9.60.7.0   MOTOR                                                             07/04/2024 14:32:45 PAGE 1   


C51 COMPILER V9.60.7.0, COMPILATION OF MODULE MOTOR
OBJECT MODULE PLACED IN .\Objects\motor.obj
COMPILER INVOKED BY: D:\Keil\Keil\C51\BIN\C51.EXE usr\motor.c LARGE OPTIMIZE(8,SPEED) BROWSE INCDIR(.\usr) DEBUG OBJECTE
                    -XTEND PRINT(.\Listings\motor.lst) TABS(2) OBJECT(.\Objects\motor.obj)

line level    source

   1          #include <REG52.H>
   2          #include <stdio.h>
   3          #include <math.h>
   4          #include <stdlib.h>
   5          #include <intrins.h>
   6          #include <hd7279.h>
   7          #include <global.h>
   8          #include <motor.h>
   9          
  10           
  11          void init_motor(void){
  12   1        TMOD = 0x01;
  13   1        TH0 = 0xee;
  14   1        TL0 = 0x00;
  15   1        //EA = 1;
  16   1        ET0 = 1; 
  17   1        TR0 = 1;
  18   1        motor = 0;
  19   1        P2 = 0x02;
  20   1      }


MODULE INFORMATION:   STATIC OVERLAYABLE
   CODE SIZE        =     19    ----
   CONSTANT SIZE    =   ----    ----
   XDATA SIZE       =   ----    ----
   PDATA SIZE       =   ----    ----
   DATA SIZE        =   ----    ----
   IDATA SIZE       =   ----    ----
   BIT SIZE         =   ----    ----
END OF MODULE INFORMATION.


C51 COMPILATION COMPLETE.  0 WARNING(S),  0 ERROR(S)
