C51 COMPILER V9.60.7.0   PID                                                               07/04/2024 14:32:45 PAGE 1   


C51 COMPILER V9.60.7.0, COMPILATION OF MODULE PID
OBJECT MODULE PLACED IN .\Objects\pid.obj
COMPILER INVOKED BY: D:\Keil\Keil\C51\BIN\C51.EXE usr\pid.c LARGE OPTIMIZE(8,SPEED) BROWSE INCDIR(.\usr) DEBUG OBJECTEXT
                    -END PRINT(.\Listings\pid.lst) TABS(2) OBJECT(.\Objects\pid.obj)

line level    source

   1          #include <REG52.H>
   2          #include <stdio.h>
   3          #include <math.h>
   4          #include <stdlib.h>
   5          #include <intrins.h>
   6          #include <global.h>
   7          #include <ds18b20.h>
   8          #include <pid.h>
   9           
  10          float e_bebefore=0.0,e_before=2.0,e=0.0;
  11           
  12          unsigned int pid_getpwm(int ui,float Tnow,float Tset,float kp,float ki,float kd){
  13   1        //ui = 50,Tset = 28.0,kp=4.0,ki=0.33,kd=4.0
  14   1        float A,B,C;
  15   1        int u_delta;
  16   1        A = kp*(1+ki+kd);
  17   1        B = -kp*(1+2*kd);
  18   1        C = kp*kd;
  19   1        e_bebefore = e_before;
  20   1        e_before = e;
  21   1        e = Tnow-Tset;
  22   1        //u_delta = 4*e-16*e_before;
  23   1        u_delta = A*e+B*e_before+C*e_bebefore;
  24   1        ui = ui+u_delta;
  25   1        if(ui>100) ui=100;
  26   1        return ui;
  27   1      }
  28          
  29          //unsigned int pidControl(float Tnow, float Tset, float kp, float ki, float kd) 
  30          //{
  31          //    float iTerm=0;
  32          //    float dTerm=0;
  33          //    float pTerm=0;
  34          //    float output=0;
  35          //  
  36          //  // 定义PID参数
  37          //    static float integral = 0;
  38          //    static float prevError = 0;
  39          //    static float error=0;
  40          //    error = Tset - Tnow;
  41          
  42          //    // PID计算
  43          //    pTerm = kp * error;
  44          //    integral =integral + ki * error;
  45          //    iTerm = integral;
  46          //    dTerm = kd * (error - prevError);
  47          
  48          //    // 更新上一次误差
  49          //    prevError = error;
  50          
  51          //    // 计算PID输出
  52          //    output = pTerm + iTerm + dTerm;
  53          
  54          //    // 限制PID输出范围在 0 到 100 之间
C51 COMPILER V9.60.7.0   PID                                                               07/04/2024 14:32:45 PAGE 2   

  55          //    if (output > 100) 
  56          //    {
  57          //        output = 100;
  58          //    }
  59          //    else if (output < 0)
  60          //    {
  61          //        output = 0;
  62          //    }
  63          
  64          //    return (int)output;
  65          //}
  66          
  67          


MODULE INFORMATION:   STATIC OVERLAYABLE
   CODE SIZE        =    437    ----
   CONSTANT SIZE    =   ----    ----
   XDATA SIZE       =     12      34
   PDATA SIZE       =   ----    ----
   DATA SIZE        =   ----    ----
   IDATA SIZE       =   ----    ----
   BIT SIZE         =   ----    ----
END OF MODULE INFORMATION.


C51 COMPILATION COMPLETE.  0 WARNING(S),  0 ERROR(S)
